0 info it worked if it ends with ok
1 verbose cli [
1 verbose cli   'C:\\Program Files\\nodejs\\node.exe',
1 verbose cli   'C:\\Users\\Winter\\AppData\\Roaming\\npm\\node_modules\\npm\\bin\\npm-cli.js',
1 verbose cli   'run',
1 verbose cli   'dev'
1 verbose cli ]
2 info using npm@3.10.10
3 info using node@v12.14.0
4 verbose stack Error: missing script: dev
4 verbose stack     at run (C:\Users\Winter\AppData\Roaming\npm\node_modules\npm\lib\run-script.js:151:19)
4 verbose stack     at C:\Users\Winter\AppData\Roaming\npm\node_modules\npm\lib\run-script.js:61:5
4 verbose stack     at C:\Users\Winter\AppData\Roaming\npm\node_modules\npm\node_modules\read-package-json\read-json.js:356:5
4 verbose stack     at checkBinReferences_ (C:\Users\Winter\AppData\Roaming\npm\node_modules\npm\node_modules\read-package-json\read-json.js:320:45)
4 verbose stack     at final (C:\Users\Winter\AppData\Roaming\npm\node_modules\npm\node_modules\read-package-json\read-json.js:354:3)
4 verbose stack     at then (C:\Users\Winter\AppData\Roaming\npm\node_modules\npm\node_modules\read-package-json\read-json.js:124:5)
4 verbose stack     at ReadFileContext.<anonymous> (C:\Users\Winter\AppData\Roaming\npm\node_modules\npm\node_modules\read-package-json\read-json.js:295:20)
4 verbose stack     at ReadFileContext.callback (C:\Users\Winter\AppData\Roaming\npm\node_modules\npm\node_modules\graceful-fs\graceful-fs.js:78:16)
4 verbose stack     at FSReqCallback.readFileAfterOpen [as oncomplete] (fs.js:239:13)
5 verbose cwd C:\Users\Winter\Desktop\newMap\newwwwww\pixit\client
6 error Windows_NT 10.0.18362
7 error argv "C:\\Program Files\\nodejs\\node.exe" "C:\\Users\\Winter\\AppData\\Roaming\\npm\\node_modules\\npm\\bin\\npm-cli.js" "run" "dev"
8 error node v12.14.0
9 error npm  v3.10.10
10 error missing script: dev
11 error If you need help, you may report this error at:
11 error     <https://github.com/npm/npm/issues>
12 verbose exit [ 1, true ]
