0 info it worked if it ends with ok
1 verbose cli [
1 verbose cli   'C:\\Program Files\\nodejs\\node.exe',
1 verbose cli   'C:\\Users\\Winter\\AppData\\Roaming\\npm\\node_modules\\npm\\bin\\npm-cli.js',
1 verbose cli   'run',
1 verbose cli   'server'
1 verbose cli ]
2 info using npm@3.10.10
3 info using node@v12.14.0
4 verbose run-script [ 'preserver', 'server', 'postserver' ]
5 info lifecycle final-node@1.0.0~preserver: final-node@1.0.0
6 silly lifecycle final-node@1.0.0~preserver: no script for preserver, continuing
7 info lifecycle final-node@1.0.0~server: final-node@1.0.0
8 verbose lifecycle final-node@1.0.0~server: unsafe-perm in lifecycle true
9 verbose lifecycle final-node@1.0.0~server: PATH: C:\Users\Winter\AppData\Roaming\npm\node_modules\npm\bin\node-gyp-bin;C:\Users\Winter\Desktop\newMap\newwwwww\nnnnnnnnnn\pixit\node_modules\.bin;C:\Users\Winter\AppData\Roaming\npm\node_modules\npm\bin\node-gyp-bin;C:\Users\Winter\Desktop\newMap\newwwwww\nnnnnnnnnn\pixit\node_modules\.bin;C:\Users\Winter\bin;C:\Program Files\Git\mingw64\bin;C:\Program Files\Git\usr\local\bin;C:\Program Files\Git\usr\bin;C:\Program Files\Git\usr\bin;C:\Program Files\Git\mingw64\bin;C:\Program Files\Git\usr\bin;C:\Users\Winter\bin;C:\Program Files (x86)\Intel\Intel(R) Management Engine Components\iCLS;C:\Program Files\Intel\Intel(R) Management Engine Components\iCLS;C:\Windows\system32;C:\Windows;C:\Windows\System32\Wbem;C:\Windows\System32\WindowsPowerShell\v1.0;C:\Program Files (x86)\Intel\Intel(R) Management Engine Components\DAL;C:\Program Files\Intel\Intel(R) Management Engine Components\DAL;C:\Program Files (x86)\Intel\Intel(R) Management Engine Components\IPT;C:\Program Files\Intel\Intel(R) Management Engine Components\IPT;C:\Program Files\Intel\WiFi\bin;C:\Program Files\Common Files\Intel\WirelessCommon;C:\Program Files (x86)\NVIDIA Corporation\PhysX\Common;C:\WINDOWS\system32;C:\WINDOWS;C:\WINDOWS\System32\Wbem;C:\WINDOWS\System32\WindowsPowerShell\v1.0;C:\WINDOWS\System32\OpenSSH;C:\Program Files\Git\cmd;C:\Program Files\NVIDIA Corporation\NVIDIA NvDLISR;C:\Program Files\nodejs;C:\Users\Winter\AppData\Local\Microsoft\WindowsApps;C:\Users\Winter\AppData\Local\GitHubDesktop\bin;C:\Program Files\heroku\bin;C:\Users\Winter\AppData\Roaming\npm;C:\Users\Winter\AppData\Local\Programs\Microsoft VS Code\bin;C:\Exercism;C:\Program Files\MongoDB\Server\4.2\bin;C:\Program Files\Git\usr\bin\vendor_perl;C:\Program Files\Git\usr\bin\core_perl
10 verbose lifecycle final-node@1.0.0~server: CWD: C:\Users\Winter\Desktop\newMap\newwwwww\nnnnnnnnnn\pixit
11 silly lifecycle final-node@1.0.0~server: Args: [ '/d /s /c', 'nodemon server.js' ]
12 silly lifecycle final-node@1.0.0~server: Returned: code: 3221225786  signal: null
13 info lifecycle final-node@1.0.0~server: Failed to exec server script
14 verbose stack Error: final-node@1.0.0 server: `nodemon server.js`
14 verbose stack Exit status 3221225786
14 verbose stack     at EventEmitter.<anonymous> (C:\Users\Winter\AppData\Roaming\npm\node_modules\npm\lib\utils\lifecycle.js:255:16)
14 verbose stack     at EventEmitter.emit (events.js:210:5)
14 verbose stack     at ChildProcess.<anonymous> (C:\Users\Winter\AppData\Roaming\npm\node_modules\npm\lib\utils\spawn.js:40:14)
14 verbose stack     at ChildProcess.emit (events.js:210:5)
14 verbose stack     at maybeClose (internal/child_process.js:1021:16)
14 verbose stack     at Process.ChildProcess._handle.onexit (internal/child_process.js:283:5)
15 verbose pkgid final-node@1.0.0
16 verbose cwd C:\Users\Winter\Desktop\newMap\newwwwww\nnnnnnnnnn\pixit
17 error Windows_NT 10.0.18362
18 error argv "C:\\Program Files\\nodejs\\node.exe" "C:\\Users\\Winter\\AppData\\Roaming\\npm\\node_modules\\npm\\bin\\npm-cli.js" "run" "server"
19 error node v12.14.0
20 error npm  v3.10.10
21 error code ELIFECYCLE
22 error final-node@1.0.0 server: `nodemon server.js`
22 error Exit status 3221225786
23 error Failed at the final-node@1.0.0 server script 'nodemon server.js'.
23 error Make sure you have the latest version of node.js and npm installed.
23 error If you do, this is most likely a problem with the final-node package,
23 error not with npm itself.
23 error Tell the author that this fails on your system:
23 error     nodemon server.js
23 error You can get information on how to open an issue for this project with:
23 error     npm bugs final-node
23 error Or if that isn't available, you can get their info via:
23 error     npm owner ls final-node
23 error There is likely additional logging output above.
24 verbose exit [ 1, true ]
